{"/home/sharif/prog/proj2/src/index.js": {"path":"/home/sharif/prog/proj2/src/index.js","all":false,"statementMap":{"0":{"start":{"line":1,"column":0},"end":{"line":1,"column":23}},"1":{"start":{"line":2,"column":0},"end":{"line":2,"column":24}},"2":{"start":{"line":3,"column":0},"end":{"line":3,"column":20}},"3":{"start":{"line":4,"column":0},"end":{"line":4,"column":0}},"4":{"start":{"line":5,"column":0},"end":{"line":5,"column":77}},"5":{"start":{"line":6,"column":0},"end":{"line":6,"column":87}},"6":{"start":{"line":7,"column":0},"end":{"line":7,"column":0}},"7":{"start":{"line":8,"column":0},"end":{"line":8,"column":39}},"8":{"start":{"line":9,"column":0},"end":{"line":9,"column":41}},"9":{"start":{"line":10,"column":0},"end":{"line":10,"column":104}},"10":{"start":{"line":11,"column":0},"end":{"line":11,"column":0}},"11":{"start":{"line":12,"column":0},"end":{"line":12,"column":44}},"12":{"start":{"line":13,"column":0},"end":{"line":13,"column":2}},"13":{"start":{"line":14,"column":0},"end":{"line":14,"column":0}},"14":{"start":{"line":15,"column":0},"end":{"line":15,"column":44}},"15":{"start":{"line":16,"column":0},"end":{"line":16,"column":47}},"16":{"start":{"line":17,"column":0},"end":{"line":17,"column":47}},"17":{"start":{"line":18,"column":0},"end":{"line":18,"column":0}},"18":{"start":{"line":19,"column":0},"end":{"line":19,"column":64}},"19":{"start":{"line":20,"column":0},"end":{"line":20,"column":48}},"20":{"start":{"line":21,"column":0},"end":{"line":21,"column":0}},"21":{"start":{"line":22,"column":0},"end":{"line":22,"column":67}},"22":{"start":{"line":23,"column":0},"end":{"line":23,"column":29}},"23":{"start":{"line":24,"column":0},"end":{"line":24,"column":36}},"24":{"start":{"line":25,"column":0},"end":{"line":25,"column":35}},"25":{"start":{"line":26,"column":0},"end":{"line":26,"column":17}},"26":{"start":{"line":27,"column":0},"end":{"line":27,"column":31}},"27":{"start":{"line":28,"column":0},"end":{"line":28,"column":34}},"28":{"start":{"line":29,"column":0},"end":{"line":29,"column":33}},"29":{"start":{"line":30,"column":0},"end":{"line":30,"column":17}},"30":{"start":{"line":31,"column":0},"end":{"line":31,"column":38}},"31":{"start":{"line":32,"column":0},"end":{"line":32,"column":32}},"32":{"start":{"line":33,"column":0},"end":{"line":33,"column":32}},"33":{"start":{"line":34,"column":0},"end":{"line":34,"column":31}},"34":{"start":{"line":35,"column":0},"end":{"line":35,"column":31}},"35":{"start":{"line":36,"column":0},"end":{"line":36,"column":17}},"36":{"start":{"line":37,"column":0},"end":{"line":37,"column":5}},"37":{"start":{"line":38,"column":0},"end":{"line":38,"column":12}},"38":{"start":{"line":39,"column":0},"end":{"line":39,"column":13}},"39":{"start":{"line":40,"column":0},"end":{"line":40,"column":31}},"40":{"start":{"line":41,"column":0},"end":{"line":41,"column":6}},"41":{"start":{"line":42,"column":0},"end":{"line":42,"column":10}},"42":{"start":{"line":43,"column":0},"end":{"line":43,"column":2}},"43":{"start":{"line":44,"column":0},"end":{"line":44,"column":0}},"44":{"start":{"line":45,"column":0},"end":{"line":45,"column":8}},"45":{"start":{"line":46,"column":0},"end":{"line":46,"column":19}},"46":{"start":{"line":47,"column":0},"end":{"line":47,"column":23}},"47":{"start":{"line":48,"column":0},"end":{"line":48,"column":14}},"48":{"start":{"line":49,"column":0},"end":{"line":49,"column":30}},"49":{"start":{"line":50,"column":0},"end":{"line":50,"column":2}}},"s":{"0":1,"1":4,"2":1,"3":1,"4":1,"5":1,"6":1,"7":1,"8":6,"9":1,"10":1,"11":1,"12":1,"13":1,"14":1,"15":1,"16":1,"17":1,"18":1,"19":1,"20":5,"21":5,"22":2,"23":5,"24":1,"25":1,"26":1,"27":5,"28":1,"29":1,"30":1,"31":1,"32":1,"33":1,"34":1,"35":1,"36":1,"37":1,"38":1,"39":1,"40":1,"41":1,"42":1,"43":1,"44":1,"45":1,"46":1,"47":1,"48":1,"49":1},"branchMap":{"0":{"type":"branch","line":1,"loc":{"start":{"line":1,"column":0},"end":{"line":46,"column":4}},"locations":[{"start":{"line":1,"column":0},"end":{"line":46,"column":4}}]},"1":{"type":"branch","line":1,"loc":{"start":{"line":1,"column":7},"end":{"line":3,"column":9}},"locations":[{"start":{"line":1,"column":7},"end":{"line":3,"column":9}}]},"2":{"type":"branch","line":5,"loc":{"start":{"line":5,"column":9},"end":{"line":5,"column":75}},"locations":[{"start":{"line":5,"column":9},"end":{"line":5,"column":75}}]},"3":{"type":"branch","line":6,"loc":{"start":{"line":6,"column":29},"end":{"line":10,"column":63}},"locations":[{"start":{"line":6,"column":29},"end":{"line":10,"column":63}}]},"4":{"type":"branch","line":9,"loc":{"start":{"line":9,"column":0},"end":{"line":10,"column":0}},"locations":[{"start":{"line":9,"column":0},"end":{"line":10,"column":0}}]},"5":{"type":"branch","line":10,"loc":{"start":{"line":10,"column":91},"end":{"line":36,"column":13}},"locations":[{"start":{"line":10,"column":91},"end":{"line":36,"column":13}}]},"6":{"type":"branch","line":20,"loc":{"start":{"line":20,"column":13},"end":{"line":36,"column":4}},"locations":[{"start":{"line":20,"column":13},"end":{"line":36,"column":4}}]},"7":{"type":"branch","line":22,"loc":{"start":{"line":22,"column":7},"end":{"line":24,"column":7}},"locations":[{"start":{"line":22,"column":7},"end":{"line":24,"column":7}}]},"8":{"type":"branch","line":24,"loc":{"start":{"line":24,"column":7},"end":{"line":24,"column":32}},"locations":[{"start":{"line":24,"column":7},"end":{"line":24,"column":32}}]},"9":{"type":"branch","line":24,"loc":{"start":{"line":24,"column":32},"end":{"line":28,"column":3}},"locations":[{"start":{"line":24,"column":32},"end":{"line":28,"column":3}}]},"10":{"type":"branch","line":28,"loc":{"start":{"line":28,"column":3},"end":{"line":29,"column":0}},"locations":[{"start":{"line":28,"column":3},"end":{"line":29,"column":0}}]},"11":{"type":"branch","line":29,"loc":{"start":{"line":29,"column":0},"end":{"line":36,"column":3}},"locations":[{"start":{"line":29,"column":0},"end":{"line":36,"column":3}}]}},"b":{"0":[1],"1":[4],"2":[2],"3":[1],"4":[6],"5":[1],"6":[5],"7":[2],"8":[3],"9":[1],"10":[2],"11":[1]},"fnMap":{"0":{"name":"makeAbsolutePath","decl":{"start":{"line":1,"column":7},"end":{"line":3,"column":9}},"loc":{"start":{"line":1,"column":7},"end":{"line":3,"column":9}},"line":1},"1":{"name":"getFileData","decl":{"start":{"line":5,"column":9},"end":{"line":5,"column":75}},"loc":{"start":{"line":5,"column":9},"end":{"line":5,"column":75}},"line":5},"2":{"name":"makeAppropiateOutput","decl":{"start":{"line":6,"column":29},"end":{"line":10,"column":63}},"loc":{"start":{"line":6,"column":29},"end":{"line":10,"column":63}},"line":6},"3":{"name":"compareFlatFiles","decl":{"start":{"line":10,"column":91},"end":{"line":36,"column":13}},"loc":{"start":{"line":10,"column":91},"end":{"line":36,"column":13}},"line":10}},"f":{"0":4,"1":2,"2":1,"3":1}}
}
