{"/home/sharif/prog/proj2/src/index.js": {"path":"/home/sharif/prog/proj2/src/index.js","all":false,"statementMap":{"0":{"start":{"line":1,"column":0},"end":{"line":1,"column":23}},"1":{"start":{"line":2,"column":0},"end":{"line":2,"column":24}},"2":{"start":{"line":3,"column":0},"end":{"line":3,"column":20}},"3":{"start":{"line":4,"column":0},"end":{"line":4,"column":33}},"4":{"start":{"line":5,"column":0},"end":{"line":5,"column":0}},"5":{"start":{"line":6,"column":0},"end":{"line":6,"column":77}},"6":{"start":{"line":7,"column":0},"end":{"line":7,"column":87}},"7":{"start":{"line":8,"column":0},"end":{"line":8,"column":0}},"8":{"start":{"line":9,"column":0},"end":{"line":9,"column":39}},"9":{"start":{"line":10,"column":0},"end":{"line":10,"column":41}},"10":{"start":{"line":11,"column":0},"end":{"line":11,"column":104}},"11":{"start":{"line":12,"column":0},"end":{"line":12,"column":0}},"12":{"start":{"line":13,"column":0},"end":{"line":13,"column":44}},"13":{"start":{"line":14,"column":0},"end":{"line":14,"column":2}},"14":{"start":{"line":15,"column":0},"end":{"line":15,"column":0}},"15":{"start":{"line":16,"column":0},"end":{"line":16,"column":44}},"16":{"start":{"line":17,"column":0},"end":{"line":17,"column":49}},"17":{"start":{"line":18,"column":0},"end":{"line":18,"column":49}},"18":{"start":{"line":19,"column":0},"end":{"line":19,"column":0}},"19":{"start":{"line":20,"column":0},"end":{"line":20,"column":64}},"20":{"start":{"line":21,"column":0},"end":{"line":21,"column":48}},"21":{"start":{"line":22,"column":0},"end":{"line":22,"column":0}},"22":{"start":{"line":23,"column":0},"end":{"line":23,"column":67}},"23":{"start":{"line":24,"column":0},"end":{"line":24,"column":29}},"24":{"start":{"line":25,"column":0},"end":{"line":25,"column":36}},"25":{"start":{"line":26,"column":0},"end":{"line":26,"column":35}},"26":{"start":{"line":27,"column":0},"end":{"line":27,"column":17}},"27":{"start":{"line":28,"column":0},"end":{"line":28,"column":31}},"28":{"start":{"line":29,"column":0},"end":{"line":29,"column":34}},"29":{"start":{"line":30,"column":0},"end":{"line":30,"column":33}},"30":{"start":{"line":31,"column":0},"end":{"line":31,"column":17}},"31":{"start":{"line":32,"column":0},"end":{"line":32,"column":38}},"32":{"start":{"line":33,"column":0},"end":{"line":33,"column":32}},"33":{"start":{"line":34,"column":0},"end":{"line":34,"column":32}},"34":{"start":{"line":35,"column":0},"end":{"line":35,"column":31}},"35":{"start":{"line":36,"column":0},"end":{"line":36,"column":31}},"36":{"start":{"line":37,"column":0},"end":{"line":37,"column":17}},"37":{"start":{"line":38,"column":0},"end":{"line":38,"column":5}},"38":{"start":{"line":39,"column":0},"end":{"line":39,"column":12}},"39":{"start":{"line":40,"column":0},"end":{"line":40,"column":13}},"40":{"start":{"line":41,"column":0},"end":{"line":41,"column":31}},"41":{"start":{"line":42,"column":0},"end":{"line":42,"column":6}},"42":{"start":{"line":43,"column":0},"end":{"line":43,"column":10}},"43":{"start":{"line":44,"column":0},"end":{"line":44,"column":2}},"44":{"start":{"line":45,"column":0},"end":{"line":45,"column":0}},"45":{"start":{"line":46,"column":0},"end":{"line":46,"column":8}},"46":{"start":{"line":47,"column":0},"end":{"line":47,"column":19}},"47":{"start":{"line":48,"column":0},"end":{"line":48,"column":23}},"48":{"start":{"line":49,"column":0},"end":{"line":49,"column":14}},"49":{"start":{"line":50,"column":0},"end":{"line":50,"column":30}},"50":{"start":{"line":51,"column":0},"end":{"line":51,"column":2}}},"s":{"0":1,"1":1,"2":4,"3":1,"4":1,"5":1,"6":1,"7":2,"8":2,"9":12,"10":1,"11":2,"12":2,"13":2,"14":2,"15":2,"16":2,"17":2,"18":2,"19":2,"20":2,"21":10,"22":10,"23":4,"24":10,"25":2,"26":2,"27":2,"28":10,"29":2,"30":2,"31":2,"32":2,"33":2,"34":2,"35":2,"36":1,"37":1,"38":1,"39":1,"40":1,"41":1,"42":1,"43":1,"44":1,"45":1,"46":1,"47":1,"48":1,"49":1,"50":1},"branchMap":{"0":{"type":"branch","line":1,"loc":{"start":{"line":1,"column":0},"end":{"line":47,"column":4}},"locations":[{"start":{"line":1,"column":0},"end":{"line":47,"column":4}}]},"1":{"type":"branch","line":2,"loc":{"start":{"line":2,"column":17},"end":{"line":4,"column":22}},"locations":[{"start":{"line":2,"column":17},"end":{"line":4,"column":22}}]},"2":{"type":"branch","line":6,"loc":{"start":{"line":6,"column":9},"end":{"line":6,"column":75}},"locations":[{"start":{"line":6,"column":9},"end":{"line":6,"column":75}}]},"3":{"type":"branch","line":7,"loc":{"start":{"line":7,"column":29},"end":{"line":11,"column":63}},"locations":[{"start":{"line":7,"column":29},"end":{"line":11,"column":63}}]},"4":{"type":"branch","line":10,"loc":{"start":{"line":10,"column":0},"end":{"line":11,"column":0}},"locations":[{"start":{"line":10,"column":0},"end":{"line":11,"column":0}}]},"5":{"type":"branch","line":11,"loc":{"start":{"line":11,"column":91},"end":{"line":37,"column":13}},"locations":[{"start":{"line":11,"column":91},"end":{"line":37,"column":13}}]},"6":{"type":"branch","line":21,"loc":{"start":{"line":21,"column":13},"end":{"line":37,"column":4}},"locations":[{"start":{"line":21,"column":13},"end":{"line":37,"column":4}}]},"7":{"type":"branch","line":23,"loc":{"start":{"line":23,"column":7},"end":{"line":25,"column":7}},"locations":[{"start":{"line":23,"column":7},"end":{"line":25,"column":7}}]},"8":{"type":"branch","line":25,"loc":{"start":{"line":25,"column":7},"end":{"line":25,"column":32}},"locations":[{"start":{"line":25,"column":7},"end":{"line":25,"column":32}}]},"9":{"type":"branch","line":25,"loc":{"start":{"line":25,"column":32},"end":{"line":29,"column":3}},"locations":[{"start":{"line":25,"column":32},"end":{"line":29,"column":3}}]},"10":{"type":"branch","line":29,"loc":{"start":{"line":29,"column":3},"end":{"line":30,"column":0}},"locations":[{"start":{"line":29,"column":3},"end":{"line":30,"column":0}}]},"11":{"type":"branch","line":30,"loc":{"start":{"line":30,"column":0},"end":{"line":37,"column":3}},"locations":[{"start":{"line":30,"column":0},"end":{"line":37,"column":3}}]}},"b":{"0":[1],"1":[4],"2":[4],"3":[2],"4":[12],"5":[2],"6":[10],"7":[4],"8":[6],"9":[2],"10":[4],"11":[2]},"fnMap":{"0":{"name":"makeAbsolutePath","decl":{"start":{"line":2,"column":17},"end":{"line":4,"column":22}},"loc":{"start":{"line":2,"column":17},"end":{"line":4,"column":22}},"line":2},"1":{"name":"getFileData","decl":{"start":{"line":6,"column":9},"end":{"line":6,"column":75}},"loc":{"start":{"line":6,"column":9},"end":{"line":6,"column":75}},"line":6},"2":{"name":"makeAppropiateOutput","decl":{"start":{"line":7,"column":29},"end":{"line":11,"column":63}},"loc":{"start":{"line":7,"column":29},"end":{"line":11,"column":63}},"line":7},"3":{"name":"compareFlatFiles","decl":{"start":{"line":11,"column":91},"end":{"line":37,"column":13}},"loc":{"start":{"line":11,"column":91},"end":{"line":37,"column":13}},"line":11}},"f":{"0":4,"1":4,"2":2,"3":2}}
,"/home/sharif/prog/proj2/src/parsers.js": {"path":"/home/sharif/prog/proj2/src/parsers.js","all":false,"statementMap":{"0":{"start":{"line":1,"column":0},"end":{"line":1,"column":27}},"1":{"start":{"line":2,"column":0},"end":{"line":2,"column":24}},"2":{"start":{"line":3,"column":0},"end":{"line":3,"column":0}},"3":{"start":{"line":4,"column":0},"end":{"line":4,"column":29}},"4":{"start":{"line":5,"column":0},"end":{"line":5,"column":40}},"5":{"start":{"line":6,"column":0},"end":{"line":6,"column":0}},"6":{"start":{"line":7,"column":0},"end":{"line":7,"column":27}},"7":{"start":{"line":8,"column":0},"end":{"line":8,"column":22}},"8":{"start":{"line":9,"column":0},"end":{"line":9,"column":50}},"9":{"start":{"line":10,"column":0},"end":{"line":10,"column":21}},"10":{"start":{"line":11,"column":0},"end":{"line":11,"column":3}},"11":{"start":{"line":12,"column":0},"end":{"line":12,"column":2}},"12":{"start":{"line":13,"column":0},"end":{"line":13,"column":0}},"13":{"start":{"line":14,"column":0},"end":{"line":14,"column":21}}},"s":{"0":4,"1":4,"2":4,"3":4,"4":4,"5":1,"6":4,"7":1,"8":1,"9":1,"10":1,"11":1,"12":1,"13":1},"branchMap":{"0":{"type":"branch","line":1,"loc":{"start":{"line":1,"column":0},"end":{"line":9,"column":14}},"locations":[{"start":{"line":1,"column":0},"end":{"line":9,"column":14}}]},"1":{"type":"branch","line":1,"loc":{"start":{"line":1,"column":0},"end":{"line":8,"column":12}},"locations":[{"start":{"line":1,"column":0},"end":{"line":8,"column":12}}]},"2":{"type":"branch","line":4,"loc":{"start":{"line":4,"column":9},"end":{"line":5,"column":30}},"locations":[{"start":{"line":4,"column":9},"end":{"line":5,"column":30}}]},"3":{"type":"branch","line":5,"loc":{"start":{"line":5,"column":30},"end":{"line":7,"column":9}},"locations":[{"start":{"line":5,"column":30},"end":{"line":7,"column":9}}]},"4":{"type":"branch","line":7,"loc":{"start":{"line":7,"column":11},"end":{"line":8,"column":10}},"locations":[{"start":{"line":7,"column":11},"end":{"line":8,"column":10}}]}},"b":{"0":[1],"1":[4],"2":[2],"3":[1],"4":[2]},"fnMap":{"0":{"name":"parse","decl":{"start":{"line":1,"column":0},"end":{"line":8,"column":12}},"loc":{"start":{"line":1,"column":0},"end":{"line":8,"column":12}},"line":1}},"f":{"0":4}}
}
