TN:
SF:src/index.js
FN:2,makeAbsolutePath
FN:6,getFileData
FN:7,makeAppropiateOutput
FN:11,compareFlatFiles
FNF:4
FNH:4
FNDA:4,makeAbsolutePath
FNDA:4,getFileData
FNDA:2,makeAppropiateOutput
FNDA:2,compareFlatFiles
DA:1,1
DA:2,1
DA:3,4
DA:4,1
DA:5,1
DA:6,1
DA:7,1
DA:8,2
DA:9,2
DA:10,12
DA:11,1
DA:12,2
DA:13,2
DA:14,2
DA:15,2
DA:16,2
DA:17,2
DA:18,2
DA:19,2
DA:20,2
DA:21,2
DA:22,10
DA:23,10
DA:24,4
DA:25,10
DA:26,2
DA:27,2
DA:28,2
DA:29,10
DA:30,2
DA:31,2
DA:32,2
DA:33,2
DA:34,2
DA:35,2
DA:36,2
DA:37,1
DA:38,1
DA:39,1
DA:40,1
DA:41,1
DA:42,1
DA:43,1
DA:44,1
DA:45,1
DA:46,1
DA:47,1
DA:48,1
DA:49,1
DA:50,1
DA:51,1
LF:51
LH:51
BRDA:1,0,0,1
BRDA:2,1,0,4
BRDA:6,2,0,4
BRDA:7,3,0,2
BRDA:10,4,0,12
BRDA:11,5,0,2
BRDA:21,6,0,10
BRDA:23,7,0,4
BRDA:25,8,0,6
BRDA:25,9,0,2
BRDA:29,10,0,4
BRDA:30,11,0,2
BRF:12
BRH:12
end_of_record
TN:
SF:src/parsers.js
FN:1,parse
FNF:1
FNH:1
FNDA:4,parse
DA:1,4
DA:2,4
DA:3,4
DA:4,4
DA:5,4
DA:6,1
DA:7,4
DA:8,1
DA:9,1
DA:10,1
DA:11,1
DA:12,1
DA:13,1
DA:14,1
LF:14
LH:14
BRDA:1,0,0,1
BRDA:1,1,0,4
BRDA:4,2,0,2
BRDA:5,3,0,1
BRDA:7,4,0,2
BRF:5
BRH:5
end_of_record
