TN:
SF:src/index.js
FN:1,makeAbsolutePath
FN:5,getFileData
FN:6,makeAppropiateOutput
FN:10,compareFlatFiles
FNF:4
FNH:4
FNDA:4,makeAbsolutePath
FNDA:2,getFileData
FNDA:1,makeAppropiateOutput
FNDA:1,compareFlatFiles
DA:1,1
DA:2,4
DA:3,1
DA:4,1
DA:5,1
DA:6,1
DA:7,1
DA:8,1
DA:9,6
DA:10,1
DA:11,1
DA:12,1
DA:13,1
DA:14,1
DA:15,1
DA:16,1
DA:17,1
DA:18,1
DA:19,1
DA:20,1
DA:21,5
DA:22,5
DA:23,2
DA:24,5
DA:25,1
DA:26,1
DA:27,1
DA:28,5
DA:29,1
DA:30,1
DA:31,1
DA:32,1
DA:33,1
DA:34,1
DA:35,1
DA:36,1
DA:37,1
DA:38,1
DA:39,1
DA:40,1
DA:41,1
DA:42,1
DA:43,1
DA:44,1
DA:45,1
DA:46,1
DA:47,1
DA:48,1
DA:49,1
DA:50,1
LF:50
LH:50
BRDA:1,0,0,1
BRDA:1,1,0,4
BRDA:5,2,0,2
BRDA:6,3,0,1
BRDA:9,4,0,6
BRDA:10,5,0,1
BRDA:20,6,0,5
BRDA:22,7,0,2
BRDA:24,8,0,3
BRDA:24,9,0,1
BRDA:28,10,0,2
BRDA:29,11,0,1
BRF:12
BRH:12
end_of_record
